[debug] ----------------------------------------------------------------------
[debug] Command:      C:\Program Files\nodejs\node.exe C:\Users\thomas.sauvajon\AppData\Local\Yarn\config\global\node_modules\firebase-tools\bin\firebase deploy --token=1/UNEoqb0rVFX5E_tm0MtylcfVlLQDc0EdS4LKKrx-rcE
[debug] CLI Version:  3.9.0
[debug] Platform:     win32
[debug] Node Version: v6.10.0
[debug] Time:         Tue May 23 2017 16:54:13 GMT+0200 (Paris, Madrid (heure d’été))
[debug] ----------------------------------------------------------------------
[debug] 
[debug] > command requires scopes: ["email","openid","https://www.googleapis.com/auth/cloudplatformprojects.readonly","https://www.googleapis.com/auth/firebase","https://www.googleapis.com/auth/cloud-platform"]
[debug] > refreshing access token with scopes: ["email","openid","https://www.googleapis.com/auth/cloudplatformprojects.readonly","https://www.googleapis.com/auth/firebase","https://www.googleapis.com/auth/cloud-platform"]
[debug] >>> HTTP REQUEST POST https://www.googleapis.com/oauth2/v3/token { refresh_token: '1/UNEoqb0rVFX5E_tm0MtylcfVlLQDc0EdS4LKKrx-rcE',
  client_id: '563584335869-fgrhgmd47bqnekij5i8b5pr03ho849e6.apps.googleusercontent.com',
  client_secret: 'j9iVZfS8kkCEFUPaAeJV0sAi',
  grant_type: 'refresh_token',
  scope: 'email openid https://www.googleapis.com/auth/cloudplatformprojects.readonly https://www.googleapis.com/auth/firebase https://www.googleapis.com/auth/cloud-platform' } 
 Tue May 23 2017 16:54:14 GMT+0200 (Paris, Madrid (heure d’été))
[debug] <<< HTTP RESPONSE 200
[debug] >>> HTTP REQUEST GET https://admin.firebase.com/v1/projects/tutorapp-bdaa7  
 Tue May 23 2017 16:54:14 GMT+0200 (Paris, Madrid (heure d’été))
[debug] <<< HTTP RESPONSE 200
[debug] >>> HTTP REQUEST GET https://admin.firebase.com/v1/database/tutorapp-bdaa7/tokens  
 Tue May 23 2017 16:54:15 GMT+0200 (Paris, Madrid (heure d’été))
[debug] <<< HTTP RESPONSE 200
[info] 
[info] === Deploying to 'tutorapp-bdaa7'...
[info] 
[info] i  deploying database, functions, hosting
[info] +  database: rules ready to deploy.
[debug] > [functions] package.json contents: {
  "name": "functions",
  "description": "Cloud Functions for Firebase",
  "dependencies": {
    "firebase-admin": "~4.2.1",
    "firebase-functions": "^0.5.7"
  },
  "private": true
}
[info] i  functions: ensuring necessary APIs are enabled...
[info] i  runtimeconfig: ensuring necessary APIs are enabled...
[debug] >>> HTTP REQUEST GET https://servicemanagement.googleapis.com/v1/services/cloudfunctions.googleapis.com/projectSettings/tutorapp-bdaa7?view=CONSUMER_VIEW  
 Tue May 23 2017 16:54:17 GMT+0200 (Paris, Madrid (heure d’été))
[debug] >>> HTTP REQUEST GET https://servicemanagement.googleapis.com/v1/services/runtimeconfig.googleapis.com/projectSettings/tutorapp-bdaa7?view=CONSUMER_VIEW  
 Tue May 23 2017 16:54:17 GMT+0200 (Paris, Madrid (heure d’été))
